6754
9770
2658
354
4312
7173
5380
2358
7734
8814
367
5883
3902
2488
7579
5013
2996
1233
643
8113
3175
4292
1112
921
815
4848
8118
4711
7232
8317
4574
1064
7899
9230
1171
7432
1143
2643
749
8927
2844
5504
8686
2081
5700
5314
1107
3729
5619
7487
5315
7910
4559
1059
6912
2395
8307
8534
1087
8385
8302
294
6465
337
5669
8347
9347
4951
7195
7483
5681
1927
3969
3837
2919
1948
2007
8967
8350
6447
735
8371
1730
3558
9703
1921
4792
7606
6452
9578
1292
2907
8658
3315
6477
4822
65
5227
7812
9383
5674
6451
109
9772
2838
2083
1018
5715
2574
293
6107
8233
9858
4527
133
7078
7684
6981
6702
742
3520
1565
7726
2730
7637
4831
2651
9131
8484
1977
2856
7917
2137
9552
1287
7086
5560
6502
2500
7981
1037
1822
8469
449
268
8790
2970
9708
9805
601
1111
7705
8664
3055
9449
8799
7000
5864
3573
1847
6062
55
4869
5499
4412
1058
5539
907
4036
6710
8064
8554
3416
7709
445
3163
3669
8517
3328
6588
3634
3017
7567
7419
7471
1369
3071
6431
2801
8154
4289
1764
6264
2329
9970
2423
9468
1444
6898
863
9879
1551
3668
2105
4654
8104
3154
6287
3056
1373
7237
6727
291
1049
3372
720
7319
9294
5829
7506
4315
6252
6834
1258
7402
853
7057
6232
8888
714
329
7212
8977
7618
4588
5570
9687
233
6284
2572
7381
4602
1989
5546
6446
6022
4345
75
5400
6670
3331
2035
5988
3468
8576
2027
6179
3103
5063
7913
3671
1086
7073
5017
9609
5882
8915
785
7189
516
9394
262
2930
5444
5401
7529
9490
2809
6405
4445
7359
3954
8648
6854
3846
8728
423
1055
2948
4402
2729
2016
7907
9255
5033
7434
7864
1791
9721
3731
9071
4238
7121
748
8174
9027
1836
7842
4809
8470
5801
1158
437
6037
8519
2698
7815
5707
4327
1280
9426
7641
5702
6027
7850
5533
3708
9571
8058
9076
6725
1166
4067
3931
7819
6845
2681
3460
2493
3003
9008
4543
570
8045
7028
7512
2981
8635
6848
5788
8314
5528
8902
5455
5794
3266
3109
7520
4134
5773
4636
4784
3997
5132
1526
5191
8886
5340
9924
5698
6331
1016
6228
8300
6206
1714
7843
6128
2305
4549
3688
6245
1687
7374
1817
8526
6683
8381
3550
1799
9887
3879
309
8693
3050
3464
4332
173
5171
6755
3037
4430
9855
5014
2465
7566
5951
7336
2347
5016
8731
8050
8473
9751
3943
6344
9429
1808
5288
2971
5045
3838
1455
6518
7403
8948
5392
2628
938
9889
3656
5213
147
1029
211
9833
4050
8075
9906
47
9656
8453
1260
8802
7302
6380
3555
4129
7311
5601
2234
8334
9305
4503
7298
7809
2508
6671
5269
2154
156
3973
1542
2445
1202
2424
4561
425
3177
5429
6808
6836
6644
3270
5665
1302
3665
379
9723
3626
8763
7950
9488
7635
3932
8260
4290
4498
9169
7261
5305
7287
9850
4732
779
4876
7531
417
1040
4343
8343
2756
3785
4860
4562
8389
4203
3852
1793
1500
6216
8788
7378
6925
5272
2494
5461
9647
3335
7002
3063
5880
2113
1383
501
7306
912
9212
9073
4888
1277
3509
695
3337
7976
393
5039
5364
2805
2717
66
8807
1499
9553
891
8390
2742
6304
1463
8494
1771
6849
2189
7600
1665
4309
9863
8746
6677
5647
7113
9839
7299
8068
5704
1433
975
828
2608
6343
523
2781
1011
185
8700
988
8565
7975
1758
2707
4526
7598
5310
2285
1839
9763
7660
6828
3383
9674
6944
4177
2910
8493
4540
1651
8464
6402
3798
9599
6621
7353
6433
7731
6922
1521
518
4990
4311
6565
7553
7256
4103
882
1041
7500
5807
1966
5500
8966
1649
4676
7886
4668
599
3681
4061
3606
9128
7064
8614
7022
8826
964
7947
5566
1042
8293
6307
3311
8418
4406
8298
5383
5723
6127
7753
7233
1352
7368
5387
836
8087
375
6050
322
7560
8978
6895
279
8099
5691
2922
3601
6437
1765
169
4252
6594
1905
4002
4140
3130
2842
3704
7075
8504
459
2229
325
4529
9075
4223
8591
2828
9529
6388
3741
8839
847
6536
7315
107
877
5273
4609
6806
933
8949
9398
2541
7466
3548
455
4536
9667
1265
5844
6858
2968
2952
8771
2533
7038
1493
4230
8007
343
5924
9826
3961
4613
910
1607
5742
5580
4683
6132
89
2428
6204
8262
259
110
6786
9161
5324
9648
5114
8739
391
4494
7823
2604
8091
2292
2324
9761
9145
3917
74
2357
9170
8176
10
3849
4080
1435
7467
5491
6078
6507
7194
954
9400
2235
3496
3110
623
2227
9081
9257
4569
7240
5149
2082
2836
2345
7050
4664
8974
2715
8518
9335
7616
1242
9722
3157
3795
2555
9716
8013
9955
7962
761
3382
9657
1708
1879
2183
2587
7397
6375
679
4485
1783
3705
555
1613
4131
8173
893
5334
1300
5783
6917
6055
7912
4983
2566
2138
4821
7099
1908
295
1992
1525
3308
2418
1201
6505
6326
2767
6649
6945
7027
4420
2301
7342
6781
1766
2159
2940
4516
800
8042
7489
5048
4381
7792
6288
2686
4007
2405
1279
2404
3614
1560
2694
3735
1664
5484
2821
2441
2048
4429
1936
2810
6239
4779
8027
952
5971
2583
2046
3065
9407
4916
8207
4030
2487
266
6506
9188
6187
557
4066
9561
8670
2024
5823
5711
3919
9946
3948
8999
2042
7044
1775
9944
609
9373
7390
4856
4321
1179
3451
6398
6818
7622
5967
1567
5352
2213
3971
8580
9771
6259
9646
5241
7009
3441
9860
4235
848
7265
4308
2354
7845
2741
7036
484
2590
9117
6549
8894
9275
7081
6186
3529
7559
7398
6718
3678
6066
1354
1478
7244
647
8171
2850
7278
1606
7393
7706
8945
9910
9922
2665
1382
9903
3368
1295
5889
2306
8944
327
3578
7476
7115
8392
1810
3796
9303
2600
298
5476
1609
7686
5588
2490
282
8043
3095
7346
9311
7440
9140
3447
4501
6909
5497
6158
4285
4679
9332
8346
1676
9781
6923
3977
8563
395
6843
6742
8606
2929
1284
4346
2642
6555
7065
690
4306
5917
3674
2178
4204
2266
790
5701
3494
7740
7800
9550
5430
6076
1248
4730
5061
554
8489
4832
4819
69
9446
7250
5166
9470
5425
8521
3224
7124
1741
1386
9538
3611
1264
3193
2376
4143
6697
5275
1900
2648
3265
3759
6223
8647
7423
825
6991
4665
5428
1085
1694
1036
5745
6551
821
1071
5604
8639
364
3235
8295
8090
7207
1871
1648
386
1110
4016
7963
4232
3813
5440
1261
9994
3600
3472
8502
4216
2714
906
869
1494
3188
2142
4575
3462
1438
8674
3767
9176
71
4280
3280
4462
2997
9450
9632
6298
4378
1749
8004
4590
3783
872
2819
3864
7268
7048
130
2773
2654
8525
7857
7317
5403
9759
8218
315
2180
8400
4688
2855
5417
580
4307
7344
6582
5809
8545
4612
138
2258
5754
5502
947
1778
5589
754
5074
3885
1344
1598
3730
1249
3068
1426
9979
9146
7421
4605
1779
2094
8673
1187
9918
1149
2171
9920
9323
5000
4256
8499
3248
4251
250
5557
3851
2638
7391
4254
5966
5815
755
3079
8858
6015
7110
7778
2954
2262
589
2763
161
2496
7869
3458
4984
1050
9878
5356
3979
4999
9712
5495
6684
2980
8543
9765
4003
9921
4195
9236
4241
4817
2516
1790
8865
3260
970
8388
6117
4702
9958
8333
4121
5111
6976
9270
9390
4361
94
2067
9353
8450
3845
2881
4110
1801
9785
2149
1750
8721
1114
398
3039
1727
83
3859
9840
8964
1273
323
7861
8246
5496
1935
1684
5179
1889
1603
2185
9315
3630
5934
2650
1782
1421
529
5220
1268
1219
7984
3830
7890
3421
4101
228
3978
6207
2957
734
8024
6558
4886
3366
9344
6155
6969
2011
710
7982
639
263
460
9432
9428
4314
3333
7003
8243
4780
2248
942
7395
661
9614
7202
2359
6469
2458
7155
8772
6106
7610
4803
7797
2994
6145
656
4057
1712
137
6180
7198
8929
6657
8109
4687
9575
118
8514
1205
6415
6553
1620
1932
7811
2955
2677
8851
430
8057
1721
1535
9189
7474
7755
3259
7666
1238
478
606
4387
4824
4718
8983
5137
4027
604
2733
5327
2249
4680
4895
3342
4979
658
3148
5083
1669
1014
8933
7445
3159
7689
5180
43
8616
9289
5658
5350
5250
2894
5970
7450
626
765
2161
7325
4350
5995
1942
9677
6489
5562
1046
5511
7799
7733
4135
8745
6692
7650
802
3958
9000
4168
1125
4423
3317
511
9641
7685
8072
7902
2915
705
4286
2787
3309
793
6941
4024
7040
6626
6790
6411
5192
9313
8155
4114
3661
4852
4368
4062
6150
1199
2122
3675
3257
5193
4976
6751
6672
4579
5122
3115
8905
3038
9830
701
407
3094
3097
1402
1096
9177
2511
3905
9103
7663
7549
9886
92
3491
2544
2169
5333
6497
8527
5346
4813
7324
1903
2988
4801
2878
35
5944
3276
5947
209
8564
9522
7025
4054
3811
2539
3803
8640
7916
4926
9395
9611
6013
493
3150
6749
3738
8583
2176
342
9986
3437
6682
7852
5494
3481
2053
3008
715
9014
7652
2532
6475
9263
4610
7595
7164
7904
8906
4248
9178
9092
3180
6554
5086
6368
6577
9087
8757
3341
3443
1484
1544
925
6097
7332
3857
8437
3151
8605
7444
9079
7210
264
2845
1612
9226
4284
461
4447
1288
1556
9141
5892
7628
6803
2789
1124
8216
7964
6813
7829
7865
3498
2032
8901
9837
5165
3354
8781
6560
3789
9710
8122
879
8723
4019
4193
2774
334
3083
6913
2531
6457
4845
568
1573
4655
9050
1362
8358
4906
5607
6080
4634
3872
188
2690
1675
7069
6376
8129
2143
220
2380
6031
1319
9845
8025
5167
9589
7617
5441
717
8332
4728
1007
8479
6935
6960
787
4544
5678
8585
4211
5817
3351
3499
3043
241
2070
8884
1379
9654
8732
6646
1950
4621
7821
7519
466
4841
5693
3028
2657
5902
7931
504
6632
4858
3440
149
3624
5084
7369
1691
3531
2299
6777
9941
9403
2394
1056
9147
9454
7624
8286
3052
7717
7154
6988
7382
819
9417
9744
1800
78
903
937
7728
9672
9819
4591
8067
7492
1945
6939
3254
9572
8568
2588
6118
1584
4091
3390
88
5856
5583
7435
4735
4807
4209
4647
1772
725
1870
2688
5863
1930
602
6762
3135
1832
2066
5781
2321
3868
3029
7167
3515
6779
4052
3323
8562
4523
4253
6931
261
4677
8698
5873
8369
5932
3915
4305
4985
9258
1363
6752
2704
2513
5462
6003
2385
4671
6262
6470
5178
8881
7335
3487
5536
9701
7602
2443
2812
9025
6412
1461
1083
7826
936
2201
6112
6468
5022
8733
5936
3841
7775
5633
8279
1371
9409
8203
2999
4004
8458
1385
3134
6952
3032
5208
5415
6851
6352
5001
9668
8508
8126
9322
4850
6210
2008
1168
5895
617
5345
7796
1390
2337
6146
7083
7071
5217
145
6629
7049
3241
1655
1762
5146
8755
7642
5105
6276
3728
2906
2655
3525
2893
5255
5257
8206
1285
5923
392
3011
645
1304
2267
7176
4969
6029
5709
192
6303
3937
1405
1872
9108
540
7301
4122
3118
6359
6008
6967
4706
5106
3282
3746
9947
3160
6285
8213
8898
2879
5242
1091
2518
8641
3625
3334
8957
4554
544
9070
9683
2713
8215
1496
3854
8943
3274
767
1928
4942
3137
2430
7139
552
8699
9997
4275
1625
6709
5671
8677
3599
600
4145
7804
1591
4660
4123
8759
976
1243
7750
9617
8010
6668
8285
1570
4277
8715
2584
2556
5399
2609
5201
7443
5765
6796
6598
1309
134
3855
1588
378
6685
3174
6832
412
4864
5389
3739
4927
1853
6901
4593
3187
1480
692
8252
4391
2847
665
8908
3580
1594
6018
4317
7555
4714
9834
5620
2579
5446
7577
8904
4456
663
4472
5023
1218
4401
682
4865
7784
7874
6628
8917
2864
7076
5189
3715
6765
2071
1117
4357
895
3591
5760
7096
2601
6595
7789
6011
6992
6185
9545
1419
6713
7337
4439
6726
9411
7525
6804
9695
5214
6915
4184
6794
3119
8497
4653
1196
4545
9007
8694
5309
8071
8604
5615
7708
5718
1015
7461
7095
9018
9202
7156
3316
994
140
4164
6171
5291
2626
7491
174
7408
5464
894
7323
2985
6526
5764
4044
6548
9527
5239
7305
1809
6591
9856
5538
5297
899
9733
3009
2570
7004
5943
2505
5926
4324
5232
9696
5768
8359
7102
115
6348
9096
2453
3754
7214
6499
1686
2448
8784
2175
4635
5726
8868
4149
6746
5010
9091
3890
7300
1113
1803
2786
7384
2560
7458
9174
6100
9121
9842
6748
2111
4721
6390
2851
3546
2814
6656
1773
8768
820
6406
3699
7171
471
6770
8407
8376
3418
2625
8498
1599
8859
4619
3823
4273
5728
4475
2382
1527
8685
7629
4374
5113
7285
2900
7867
9130
7441
2627
8372
3140
4032
9123
1819
2318
3645
9985
2960
2860
9792
9501
1818
4947
6708
6735
1098
274
4104
4046
9952
2633
7172
8100
7854
4165
1862
9890
7262
9184
2406
3
6696
1032
8500
3693
4433
9492
4268
5912
7289
3586
9377
5156
9340
8160
2363
9061
6841
662
8266
3296
8268
1066
4945
8655
9251
3778
6581
8810
769
3985
9386
240
59
5670
9660
8713
5168
8630
8073
830
8200
2104
4578
2432
8420
2542
4048
5668
2745
8709
7710
5645
9932
4804
6689
9720
8590
8229
448
3436
3543
102
5822
7446
4426
9269
1899
5147
9295
4855
3698
1471
4548
9487
4726
6911
9665
4689
711
1333
5631
3410
1543
9029
6775
2460
4630
2206
4026
7321
8083
6268
6559
851
9228
8415
2131
8192
8941
4152
1702
7535
5549
3866
2782
2220
7163
9054
4221
7058
2914
2002
256
5452
9933
1530
148
6136
6862
8860
9003
2674
5066
2397
4295
8805
1672
5803
2602
1355
6219
7836
6884
7893
2010
7001
4463
7463
4650
9521
870
3834
9285
4201
8820
2685
5930
3030
24
1508
546
9149
7087
3051
6768
2084
5341
359
9577
3380
8742
6761
8971
2986
4868
763
5488
4842
7632
5898
2457
1979
2464
7180
2975
5143
58
7539
4720
2291
1835
4288
6801
3653
8351
922
2617
3928
5458
2569
2119
5005
6235
8738
8539
8085
420
8152
8256
1337
2689
4509
1993
2289
8829
4815
8258
9725
4318
3470
7291
6370
3544
571
4971
1550
4662
1162
5190
6733
96
1365
5015
9053
1710
5052
4871
8880
2294
7915
7699
2738
6829
4370
8026
1520
4410
6161
4514
3564
984
1170
6516
7880
3966
9680
9264
1147
6951
4158
5136
9495
9669
1975
356
9509
1964
4432
9909
7280
9807
1807
4977
8255
3192
3060
5730
5888
8679
2902
9248
6572
8356
4225
2265
5752
8528
5780
757
3061
9036
6647
265
2953
9752
2806
7754
9237
1510
1503
3616
9056
1813
5259
4862
7029
8186
5857
9204
2612
5155
9337
2422
6410
4466
5629
3106
6114
5779
7245
6955
3202
737
7138
7414
774
9885
1336
4970
2903
1397
5221
1163
1384
2400
5838
5388
2282
567
4477
4723
8060
481
5990
961
8375
6757
8170
1552
2495
5049
7485
9686
1414
538
7863
6021
4049
183
3579
4567
1763
3391
5027
7714
1711
8533
5120
3609
9691
744
2835
5140
4752
5382
239
9363
5921
9570
5230
6745
6802
2768
3057
2481
9512
7303
5968
8328
9951
5009
464
2672
750
2619
5396
5228
6537
7358
7919
5959
4622
541
5922
3583
9462
5030
1095
4777
9745
106
8318
5608
1883
4178
5535
6113
7488
6650
5421
4257
2791
6167
9267
3887
4658
5068
7433
8423
4524
3748
1388
7292
7290
8633
7236
2586
9199
9475
2884
2498
3663
1864
2509
7224
3765
5740
878
3281
3359
9658
9706
685
5256
9548
5207
1885
6218
4316
1259
9568
1142
8261
9420
5591
1452
38
4078
2364
6362
9338
4522
5413
7537
3517
7585
5879
487
6716
3158
4774
1574
4496
4105
7965
3761
971
9158
6049
1913
8368
5800
197
402
1553
752
4212
5884
5804
7166
1545
3960
4117
7254
4521
9988
2050
5705
862
3401
8158
6292
6602
5222
5432
8551
6140
9732
2092
283
8666
5724
7012
4940
9042
812
8274
9938
3407
7926
5871
513
8316
5993
5090
4207
8217
1422
1725
1474
6675
7761
9151
5028
8556
7133
3208
6485
4724
5071
427
2564
6816
104
9857
1185
9937
7994
2998
1429
9302
1395
8883
1744
7568
5226
6428
1192
224
4301
1842
6322
8321
2934
2151
4199
6954
3581
9517
2216
918
2136
4797
5002
7144
1230
2989
3929
7756
4224
7571
1456
218
1376
7996
6929
7020
3233
3840
2735
3944
4719
2463
2982
9472
2093
4330
3124
4342
1787
5479
6414
305
8737
9410
616
614
8161
6479
1756
9477
1169
3102
7129
7426
7407
2191
4187
6169
722
113
237
5093
6480
8831
8488
6328
4870
5614
299
8
6441
9089
1399
2743
8398
1156
4228
904
4987
4083
8205
9341
6129
5515
8116
854
7802
5757
2327
307
5442
1701
615
9825
6669
7269
8022
8056
5843
8875
326
9854
2322
5846
7741
8227
362
9301
6972
8288
5896
1236
9881
6091
3939
5489
2173
9276
9491
7330
8530
9284
9465
8695
9778
9912
9266
9540
5361
2392
5506
6067
2503
6812
8037
6361
2562
5722
6619
3575
5075
1321
2937
2991
1338
1534
3563
4798
3161
5543
8626
1013
7140
42
5160
1310
2287
6151
9982
3107
6653
515
1826
6788
5296
1116
2568
4534
7200
2941
1329
4898
4861
1026
9216
4478
530
7993
5915
868
5928
6175
4383
1033
1359
129
372
6705
7868
4190
8462
8824
1934
7089
7513
8682
4354
2947
2437
4333
8925
6778
1746
2246
5065
4981
3930
6109
7490
7387
2637
2242
8992
1674
3685
9186
989
4734
8145
48
2075
5328
6222
3816
1432
131
6587
6736
8394
4150
474
6950
3041
3933
780
1974
8070
6130
3750
3647
2823
581
792
1895
2278
2598
5929
708
8441
9780
9949
3968
7643
5112
2675
4919
6975
956
5784
2589
4937
6753
2408
3598
9940
3182
1784
8791
9093
3679
1827
2963
3252
660
5876
3648
3347
6658
9152
1144
6545
3848
832
1548
9965
839
697
3438
3059
2199
944
8476
939
6164
5555
8234
5612
5576
8621
551
3540
4923
2895
4531
768
5832
5473
9639
1689
796
2524
2401
86
9445
5842
9245
5600
585
8224
8309
5374
5460
5443
3532
8622
6534
9082
9099
8196
584
7294
5916
2476
5808
7859
8421
6476
414
5379
2247
6299
2452
1067
4160
1846
5263
2752
636
4183
2361
1176
655
4063
4436
6937
236
4266
7676
7790
7484
804
9662
1563
2931
596
7688
4758
3242
9532
1844
6334
6666
3744
3773
4170
8675
3199
2728
9232
2275
992
296
5437
7701
4133
6723
8612
8573
8278
2101
2537
9796
9904
6316
3976
784
5774
428
8575
6111
1761
172
8997
5836
2841
7015
2041
9865
8876
2090
345
5307
526
664
5133
3179
6919
2916
1364
7308
691
9317
5138
6275
4737
2377
1673
2250
2450
8812
7041
5818
4598
4250
128
7051
2243
7215
9415
2223
852
258
6894
5157
9339
1246
1804
9801
2618
5215
5849
6877
6870
9214
3332
1411
5384
7056
9613
9207
2621
9877
858
7957
1595
9217
7343
2140
2253
3615
4208
357
7356
3995
8030
3989
3501
9519
1430
6579
7662
9252
6178
801
2962
9719
4736
5575
4021
6522
9466
951
5978
7787
3423
1834
6297
410
8594
7834
6665
3975
127
2804
4889
3822
7719
6471
1848
7018
3779
5905
2407
3243
8864
4731
4587
1700
6970
4891
6293
5391
2334
2236
9799
9058
6392
4264
764
1002
7418
171
5989
377
5776
6056
8312
1742
1539
6243
9596
5101
7849
3808
3918
7379
1641
6750
451
9649
9083
586
9510
3556
6047
4465
1350
5587
929
7088
3471
5918
3642
4816
8432
550
441
3947
1677
7729
4963
8549
9095
6824
8577
9419
7721
3146
6305
1743
2875
2273
4505
8163
7698
884
340
1733
6850
8837
1639
9012
7941
3105
9348
8284
6247
5625
5640
5712
8337
7542
4279
8477
7646
3694
7425
3936
556
2865
4913
7385
6648
4530
9749
8617
8002
31
7201
6122
1531
5667
1104
7827
6006
5567
4553
4414
5572
8582
2030
4259
2641
7817
1425
5792
1492
1824
6157
3190
4968
6513
8646
9182
5759
4849
1990
8426
1605
7148
6817
578
4336
6600
3658
4560
2155
4911
8125
9618
5336
2163
829
7934
4198
5851
8667
8208
9287
2427
9769
1785
7633
4043
7822
608
4595
4771
5940
1830
7251
5513
4962
9579
5582
6104
7264
3076
7702
7718
6655
7920
7551
9582
4594
8177
7008
9694
2635
2366
9760
6301
9041
9078
7175
9109
8231
8431
194
4767
1630
8451
5316
2867
1211
5085
381
3231
6830
2425
5079
9917
5363
1585
9788
7933
6882
6557
6810
5643
9827
5219
5963
4877
6445
7945
1027
7354
7495
8973
401
6086
2020
5893
4837
2558
637
7276
8167
5433
3504
4226
403
9308
9546
1099
3760
1408
3640
6575
2709
560
2058
6763
3972
8985
2825
7682
4025
1726
2330
1954
6215
1610
6064
9502
9627
6081
6604
3747
4753
3714
4470
2055
9015
3877
9564
3878
1328
5261
5335
2921
4322
5471
3344
8951
1197
7528
5548
8879
7331
2150
5885
3219
2468
4910
6712
6880
6916
4994
9746
3269
1025
4955
7745
1313
9062
1078
4953
2820
704
4215
9334
3856
6230
1184
5766
3467
7608
6580
7746
8436
612
4481
9193
5058
3713
706
8801
2554
1717
3620
6578
3802
7723
5067
7177
2456
8959
1296
3659
6930
838
7457
1678
8055
8410
8330
1488
2283
46
1451
1062
3791
6093
4457
6680
7101
5833
1516
3405
4093
2732
7459
9059
8928
9480
7322
8644
7883
5503
5367
8078
7504
1513
9848
2228
924
1428
7153
254
2565
1797
6607
4512
1293
6
93
9525
8602
1330
2527
9197
9950
1334
181
9021
500
6355
3287
2203
5656
2731
1443
4086
6904
6501
8892
7447
1939
44
982
475
4157
798
217
6693
6321
5603
3629
4939
973
8705
6241
6676
7272
5791
1347
2727
8513
6205
7132
7376
5175
7832
4142
7318
6667
4960
3350
3758
2874
1487
8934
7870
6484
5578
2341
3757
6567
1564
4205
5945
1177
4699
28
3314
2123
1622
632
1412
111
9162
7394
7795
1906
3815
16
2863
2239
9430
3131
7184
1439
1681
5134
8137
7690
4566
1724
11
1925
4441
9793
1501
576
4750
9927
1223
4179
8538
993
4781
1541
7472
8885
8395
1322
2613
9699
3448
2760
2091
6120
4471
350
7578
3996
5046
7749
4744
7477
7968
166
8003
4011
77
1485
7104
4045
4623
2417
6220
6160
3301
7760
4766
4461
1489
1653
7424
3062
2391
5344
9088
2734
91
7973
363
404
6310
2708
7111
7067
1290
3221
5145
762
9633
3702
5524
561
2595
3364
1692
4648
7839
2174
4638
1035
4326
2983
7127
5977
7954
6563
4938
2585
716
1759
758
6135
6934
3466
3213
8961
8189
7946
6641
2057
6508
4827
7411
1770
3149
2399
7891
6488
880
5994
9820
1068
2435
619
1568
9864
1314
207
5964
483
4028
2793
3965
8552
8408
5164
7143
4405
1229
351
3889
5359
4337
9992
2279
2164
23
41
2737
6249
6250
3874
8434
1666
6401
3537
7297
8486
5996
9998
3204
6110
7758
6119
9461
6024
6440
8637
1466
8593
9227
1473
1244
5087
7182
6769
1189
6242
3539
5979
7383
8228
5676
4073
6822
5675
6618
4912
3988
3981
7541
4663
5301
8456
6928
8492
4642
5957
6208
9832
199
7034
5129
9581
5826
1207
465
9808
9002
1572
4418
1291
4029
8809
2451
4440
6947
6308
3195
6277
6500
4197
3596
5920
9393
4202
3018
3465
5590
8792
3455
6188
9011
9516
2168
4244
374
8199
5813
8827
9809
644
3518
3100
6026
7925
452
5521
5772
6213
4053
1239
1843
3526
4712
8794
2607
8618
6605
2639
8697
1108
5478
7673
6853
4703
1696
1093
9963
4055
7152
8660
9326
7562
6926
9555
3894
2596
6568
2033
5664
4769
6443
6819
4692
9818
932
9590
4435
9957
9240
2062
3420
1212
1623
6396
5861
1617
2368
9137
6896
246
8283
2047
2815
6173
5799
447
2876
1739
5584
5660
5306
7620
1911
4535
6319
2103
2603
4161
2344
9750
8136
9811
8678
8930
2280
1589
7070
9684
1952
8751
5831
6883
3585
6474
8734
8447
2444
2264
2207
627
9048
7765
2882
3511
536
4076
73
4901
8319
9330
1401
7470
7248
2687
3381
332
6211
1693
652
2293
273
5696
9587
8315
4652
3794
4102
1737
135
5370
9977
1995
8570
9441
9976
3853
4690
6538
201
559
4539
1896
6448
3186
8955
8373
676
7349
7892
8384
4893
6087
3949
3112
2749
5646
7860
959
4550
7878
8811
2726
4907
4775
8140
5810
9389
7348
6244
6139
4956
1996
3128
8653
6490
5369
79
5747
5373
2499
6314
9930
5906
1470
3001
7109
6531
2547
87
5449
6686
9984
8442
3040
7377
6124
4022
146
817
271
4603
9239
8975
9357
9442
7226
7157
2959
252
2251
3212
670
4796
2630
8294
2877
1396
7060
6571
900
4424
9702
7228
2899
1931
7556
5251
2120
9209
9505
1845
3604
4686
2389
9166
2501
1577
9638
7948
1195
2
9593
6025
2909
9644
8522
1028
3245
3320
5117
9057
671
9457
4454
7715
7493
1604
4360
3430
9336
4974
1802
5099
9549
2439
4488
633
2442
6562
6715
4934
1450
5618
6679
4448
5339
3477
2351
4415
4356
3883
6028
4859
659
4743
6494
8750
7347
6265
3513
8124
860
1030
6529
508
5510
7448
8878
9356
8844
6422
3196
3104
7079
8336
9544
6620
5677
312
5626
4510
4479
2255
4009
8628
1918
62
1464
3162
8095
4136
7918
489
6887
3700
6082
2936
4081
7798
2270
2567
6267
4508
2576
9392
7776
9661
8362
4941
621
7668
6069
5057
8749
45
8816
5616
9697
5150
8061
4608
6365
4656
1001
3998
3842
886
2753
1856
6423
4005
9731
2901
2553
9052
5870
6891
1135
7986
3286
5613
3431
1618
9473
953
885
8107
1611
3064
7479
3433
5750
1146
803
6324
6382
1926
6659
355
7569
2383
4124
977
7159
8264
2798
4975
6487
1303
8074
9619
1247
2582
6152
5983
1679
5292
9038
5329
212
4709
9565
7231
1088
5824
3680
4810
5875
8204
4115
4163
5298
2217
5238
3156
3771
766
935
4141
5290
9798
4126
4713
2426
4033
1398
8541
4408
6290
8882
7521
9196
2918
3492
2678
9110
3736
5076
373
9743
7961
383
2440
17
6125
2006
8052
3284
8821
5505
477
7576
1082
2670
5300
413
9
4520
6852
6789
7779
3763
7901
7405
5991
9821
8380
8986
6767
3191
5985
4200
90
1709
4546
4762
6662
2295
3672
3506
1697
4964
4790
7326
5706
4196
4411
6053
7136
3022
5366
9413
3021
277
8854
534
4967
2833
657
1569
6701
9620
1367
5448
4973
9993
7150
7524
6774
7738
2610
1805
2459
1133
5841
3790
8365
7764
9558
9588
7929
4857
8355
3457
5107
2089
1956
7736
5073
6238
5682
897
2102
8082
756
5351
2852
8924
7806
4106
3014
759
3373
3907
9726
9375
1643
3817
3825
6333
1418
2974
2869
4325
4072
8976
3724
2133
1863
6643
7271
7131
2365
6910
5423
9404
1546
7712
3395
3832
2676
5874
3635
597
8871
2933
4607
5762
3628
9556
8624
7638
9900
1194
6143
3916
4537
139
4747
7581
3044
8271
1654
5941
4515
8509
7406
605
3209
6652
8776
446
8382
2260
9724
598
3116
4948
6088
1454
1747
5481
3507
8910
7082
8828
3574
8001
7678
8184
8379
6391
9006
5840
2352
2224
1769
8383
7561
4573
3439
2546
1740
6279
1332
230
684
3690
4763
4884
4128
5056
6043
3408
8849
2218
8586
4000
1831
9989
9143
2381
7772
1051
9935
1417
1667
1988
7146
8023
837
1210
8877
1502
8931
6902
2520
5127
5051
7640
2277
5474
3818
2857
2134
6281
7570
2226
4716
4829
788
7694
8220
5973
770
3686
7327
8643
634
1172
5377
3312
7199
7396
7225
6623
7130
1795
1486
1657
6263
1251
9835
151
370
2338
190
9610
9693
1465
2433
4580
7580
462
5854
2288
6865
6542
8969
1404
9926
6867
4982
1806
204
9001
5287
5394
3920
6835
607
5203
986
2890
7496
4899
625
7876
495
8572
5518
3964
8939
4577
4394
5744
3687
2360
7554
5236
9206
3516
6420
8595
4222
3096
3031
8313
7080
7037
6163
6741
4551
8031
5172
6084
9324
4304
9884
6425
3386
9803
6079
950
6743
6456
6907
650
2883
9097
6986
5163
7835
56
8032
5825
3654
6491
2706
631
9408
9919
8433
9612
9828
2757
908
4705
1999
6261
7158
4109
547
4592
8536
1148
4786
2152
2543
592
4271
5865
5205
2414
2799
7989
9281
1719
2859
5956
7475
8127
527
6640
2052
4787
6483
8021
2167
9122
1237
8066
5976
4582
6384
54
2436
8688
823
6459
9005
9670
8547
2944
4393
7134
5961
1877
8785
8457
7253
7145
8363
4708
9655
6645
8303
8439
7118
1475
3125
4882
8726
5848
3701
1349
8194
2871
7824
4012
3652
4725
9020
9567
8597
8989
5096
4667
6198
553
9365
7848
7320
2068
81
3012
4914
4074
6020
8329
4490
1695
8557
6866
141
7055
4694
253
2761
9127
9288
9866
1119
4678
7649
9911
9358
1006
3313
5685
9352
9635
9225
292
4800
321
1348
5858
7781
4373
5770
8008
3356
6688
2671
6246
7967
3348
1340
9810
214
6126
3069
4640
9215
4111
1039
6192
9902
6811
3345
7841
1154
7103
3181
8404
7922
3549
1586
1235
8396
5663
814
5845
3034
6691
1198
8896
8833
1416
1994
2599
2659
1786
7992
1312
6278
569
4249
3764
4892
1919
9776
4909
5634
2765
3824
2355
9460
7588
8965
6302
3238
3093
1720
4930
155
6892
2898
3982
3955
2028
7230
3962
5690
4615
8341
2419
2636
902
7670
2449
6633
8128
63
8110
3901
2523
7241
6095
7911
8544
7061
8297
7683
5420
34
6973
1106
4507
1004
2148
5485
3201
2939
8065
8000
95
9478
7160
628
1391
1860
7675
3387
7651
4255
405
5837
8304
3255
7587
3273
5751
6435
9115
2772
562
2179
9888
8257
3015
1228
9530
324
4278
5509
9573
3088
2886
1024
3283
6403
5622
3123
3957
613
1873
105
5852
5237
4375
9274
2995
5662
8440
507
5321
4137
276
5472
808
3775
70
7510
3222
37
6227
914
1840
4966
4260
1100
3053
6720
9962
8889
5753
9249
4092
5151
2649
9154
3033
3247
3861
9361
6460
1886
9208
9342
6032
8425
9764
2096
6493
2212
5743
8387
4649
8548
5
1126
8592
1874
8607
1155
9800
98
575
6583
6439
9685
6927
6876
4020
8609
6744
4517
76
6461
6318
5170
8537
5108
4759
8377
8716
8287
2165
8120
3129
2054
5260
6116
6189
4320
4377
234
4340
4398
8729
8651
2060
9180
4791
9586
1370
1738
3412
9914
1768
9116
8754
6233
8012
6953
3406
9822
9768
5666
1424
136
9707
1269
39
649
1434
1458
5218
7209
2003
9971
2214
4263
7609
9557
2887
3567
5708
3561
5887
4843
1275
8903
1380
3220
6325
9447
7093
3588
5563
1949
1536
9101
6347
9272
2088
9374
1222
6436
3066
7988
1581
2669
8101
5270
9119
981
2958
6706
6900
2725
3339
9136
2240
3145
8249
8735
3510
867
7283
9650
6317
7552
9243
7777
641
2415
6138
3305
2034
9741
7786
8835
9945
2447
9210
3275
7112
7908
3272
8289
997
6547
6108
9794
476
6048
2379
479
4404
4449
9898
1331
1231
6416
6253
3205
177
5245
6196
9783
6379
3673
8062
2594
7439
3434
6083
6346
3899
4297
5206
9479
3643
6096
4059
4219
9223
8650
6566
409
219
9528
2462
6673
8438
6586
6419
6260
6373
7604
5322
5812
1707
232
2748
5827
186
4352
640
6758
1140
3321
595
3078
2932
1682
2170
304
9268
545
2039
3670
6341
9135
9366
3098
3081
7203
4246
3006
418
7940
3133
1134
3833
9234
7732
4666
7951
532
8413
7671
4881
6154
8117
150
4231
5181
8094
8730
7246
7351
2374
2244
5240
5047
9506
5638
8149
5492
3294
9813
2232
1214
9306
1323
9297
9376
620
4265
8623
9451
7997
5775
8084
3776
284
4319
9133
1627
7999
3403
9541
1420
7227
985
49
3572
6795
1115
8722
8445
328
7260
5043
678
9244
3444
3876
468
8717
4227
4379
4218
7023
6606
2271
3217
6787
3922
6809
7355
9191
7704
8869
1109
7286
8115
4839
1969
7197
3770
3298
3139
4957
153
2923
6946
7828
7589
9138
6058
4698
442
6707
9072
4565
624
7937
2157
6980
4040
429
1159
406
3336
7545
9626
4425
842
3374
2117
8918
9084
4389
6194
8803
488
4034
2721
3753
6371
7862
6773
9782
6637
5060
9651
8130
6590
6295
5866
8471
9831
2475
7497
8559
311
1614
1587
3453
3289
1660
6719
7818
2535
339
4042
7574
3649
4351
5605
2097
1616
9436
2868
3984
778
622
2037
3489
6046
6193
5687
4632
6599
187
4154
5283
5984
8019
3844
5540
8998
1937
248
7515
3820
9016
2268
366
9247
1626
6985
3229
3528
8958
5493
1861
9211
4932
5348
7334
747
5264
2632
80
8422
2591
736
4282
2005
4601
9504
7985
6885
5184
8608
4144
7771
8863
5486
835
5547
7401
4778
440
2225
21
8980
9111
8909
3237
913
1532
6323
6042
786
8938
5469
972
7361
9823
9503
9144
4697
1360
4159
6463
2045
1120
5026
7420
7243
5176
1483
9784
8412
5008
2312
5713
1961
3692
777
5284
4918
1008
4070
1282
4097
4372
8088
1081
9562
7752
2966
365
9456
588
1909
738
6044
6203
2664
5735
8834
6983
1752
3214
8178
182
797
713
3587
9260
7645
2662
2256
8712
2720
8108
7208
6756
1415
9261
7161
2949
542
2241
6608
3898
9435
7386
8632
1206
4194
7639
9605
5531
4385
9458
2908
1203
4633
8046
8280
7035
5756
8195
5530
2085
8417
7059
4794
1970
4878
4380
6374
3774
646
7687
1102
9439
5199
866
2331
8708
3329
3099
4600
3554
3752
6397
3153
3880
1045
2077
2692
3882
2182
8201
9961
6070
5635
4836
8668
4084
4417
3530
7518
8211
9080
4338
6254
2754
1075
5153
3959
2328
7122
6771
5835
6350
8920
9200
8361
3367
4364
686
4674
6698
4783
8681
5897
2051
3886
4220
8761
3435
8403
4897
3911
4138
3461
673
1324
8840
7582
8424
3113
9576
5062
2210
2461
3493
369
9312
2652
3621
7672
3234
1722
6002
7068
4959
7437
5733
4645
4234
1129
2429
5194
3025
286
5358
8180
7388
4764
7514
5795
3858
8818
1640
4722
9277
6413
6573
5187
3584
7543
7953
9241
7619
1590
8401
9290
6237
1915
8015
5211
5552
4427
6332
2747
8366
3394
4299
8397
1283
4090
1698
7373
4210
6389
2912
6226
4188
510
1562
1897
9238
3413
5102
8546
9126
946
7192
5746
8529
287
5962
5081
4707
2779
3559
8059
4169
3909
3036
6291
7066
2316
9060
6283
5124
226
2492
8782
7654
1141
3950
3695
8092
5483
7791
6574
1472
7942
6075
2205
957
8819
7667
8452
6546
1094
3013
2384
7410
7360
5195
7222
5738
7505
9296
6527
6963
61
8324
861
1226
698
4978
6231
5372
4058
6920
4431
4323
5343
2573
492
1554
1377
6717
2797
306
2711
9094
5246
965
1757
2325
6966
4552
7599
8692
1498
1301
6517
1823
8953
1407
7897
3723
2197
6424
3542
8267
1200
2402
3170
5721
3991
7047
221
8780
4733
574
9869
6968
8487
4828
390
5130
5749
8290
2211
4826
8035
7679
8588
3797
9259
2018
4310
7949
331
288
3650
4291
3327
3310
388
1922
909
5253
6054
7991
4008
1031
7759
4883
6737
2645
2783
6722
7627
8696
3168
9713
3485
1559
1705
4993
6383
3926
687
1101
8235
8272
14
7665
5229
3325
1183
1968
1047
3534
5126
2022
116
9405
9817
5644
3667
8947
8636
1748
6964
7392
9838
7935
9652
3409
2885
6651
8121
8611
8367
4229
6846
5652
4576
3475
681
29
5697
8225
6270
876
9637
101
9797
9740
9402
1634
5209
1514
2700
5438
3264
8862
1225
6933
2412
4006
2716
9908
1910
6938
2795
9659
5729
3497
8512
3633
3117
3721
8566
6498
7930
7625
5116
3716
3297
5408
6481
3384
934
424
7536
8970
3020
4900
4400
4596
7631
3788
8480
7247
235
6859
9229
8354
6827
7813
9737
7213
9333
15
1760
4392
1044
8649
3404
9195
9967
5186
6971
7309
3074
3082
3173
4538
4296
281
4267
5414
6948
4453
8448
9448
1953
4382
8936
9046
157
2497
7097
2597
940
5128
4557
9560
4847
5554
9891
5908
2697
3024
6958
7106
97
5910
7751
5200
4189
3171
7664
6863
7594
8907
8105
6914
4599
1814
3608
6137
1881
5465
3992
3318
3307
5378
1566
3677
8579
9349
2129
1734
1267
8725
5267
696
4013
590
1592
6269
9469
8063
6524
4760
7896
1933
3398
8507
7713
5649
7944
2924
2181
2036
3353
4120
7206
6908
5573
176
5821
1578
1445
7597
361
6430
2484
8098
3023
1998
2661
3251
8292
7422
2307
7024
3662
3821
3185
8727
8795
1181
7451
7939
5006
4108
6861
3476
6153
8764
9463
7218
5948
1816
593
2398
1893
9157
3831
2605
7270
4851
535
2615
8558
9934
480
3617
1476
6940
8786
7544
2927
9298
9812
9098
7612
9601
7697
9594
9791
1103
8842
2001
1136
5672
2489
1406
773
7921
6036
8472
158
1929
5828
3503
3869
931
6351
978
9064
5725
7648
1308
1440
2666
8147
8654
1512
7936
5748
2259
8996
2668
1901
6496
7257
3399
494
7605
3829
4313
3035
5003
8642
6131
5487
4236
2245
6519
3426
8142
9966
5419
8589
6729
3378
2126
3414
7482
824
6201
5038
7258
1220
1449
4146
1511
9787
6200
7547
7866
7116
57
7357
3593
1600
6090
2372
6266
2320
7043
5249
2656
6033
7677
5814
5004
2326
9995
2673
5248
8323
4920
9391
5280
8193
5819
3892
5508
2993
8613
9559
2977
7744
2110
8393
733
6467
5276
2961
2660
4118
6622
289
8463
6327
2945
4399
6520
5761
2831
3860
1838
5042
411
5527
8890
6597
3900
5651
3603
5980
9953
9897
9515
7279
6860
0
1469
4834
1887
4643
2409
723
1491
3910
7310
9286
5694
3570
1152
1923
4175
9537
4096
1509
8701
8874
4283
4172
9729
5855
8587
5159
4811
7695
4094
979
9715
5673
6190
8386
9433
7165
3077
310
318
4390
7255
3488
1274
8724
4833
1576
2846
397
6057
30
4749
2421
4287
5434
2935
8870
7724
7119
6404
7681
4532
6417
9569
5094
3622
1358
5657
1875
4691
4950
8540
4499
9397
6989
8310
917
7735
2759
1704
2056
2750
4367
1904
5609
5955
3239
8872
8855
6740
7217
8076
3172
4793
7031
2506
8327
348
2390
6432
3639
2127
2454
1072
3357
4996
2479
1837
9762
2219
3360
2712
9256
6296
2744
1118
4239
8982
4528
3967
2705
2794
8553
9077
6704
4270
911
9318
6123
5925
9843
5594
9915
806
7879
2128
5104
7141
3956
8339
969
6085
9300
6141
7187
7296
394
2904
3733
5686
275
1174
1518
1495
7340
4
5323
7711
5289
4038
1774
865
3375
4581
6543
3428
6942
9766
2080
1191
1084
353
3906
2350
7803
9481
9671
5785
3535
6569
7120
1658
9698
8446
5564
2967
3551
9692
8753
5834
419
5731
5624
3415
4240
4039
3136
5174
7266
142
9086
2230
9711
422
9925
6664
5198
3478
1755
3169
2340
4863
2362
7630
7527
3502
677
4637
2693
400
18
1629
7653
9681
1718
8047
9623
4905
290
6358
4087
3249
9603
7234
7238
2538
5903
2455
7980
4879
9278
1579
7928
3340
1635
9602
1468
4242
5169
387
966
1497
7364
13
9304
3400
8665
202
919
6400
7193
8661
9153
3256
2540
7063
8950
2880
7881
9862
7223
8014
4127
1776
3164
5550
591
6349
7204
9293
9471
3755
7216
6473
6221
3945
4618
7882
8672
4673
573
6381
1193
7032
2646
1375
5468
3691
9616
846
2254
9013
5767
8748
6386
8995
8239
8853
6052
308
822
4269
9666
7601
8542
5541
1137
1685
6614
2202
1048
5456
6315
2563
4751
6454
3291
8850
2624
1529
9444
6593
6978
6734
4874
4064
6635
4701
1256
2019
5938
9714
7135
5080
7478
9815
565
9972
3278
4082
3411
272
2371
3800
9235
4943
7669
8946
1351
8036
1984
5050
5007
9159
3707
9851
1571
888
8940
7168
6886
6121
1882
8600
8744
674
3999
5975
572
9425
887
9775
9367
3385
3787
6592
8089
799
8038
3144
2044
3445
3261
5024
3836
739
9220
4757
1153
1413
7573
1061
9047
6089
3569
5561
7149
1663
7449
3197
4717
4872
9524
5158
7473
389
9849
7413
1353
5480
505
7045
9747
5585
7454
5556
9437
1920
5688
3942
336
1180
9132
6821
7092
9892
2800
6357
6184
8081
1459
2653
5041
4298
4459
5110
7644
8435
1955
980
6168
1829
7785
7085
5714
6217
8219
4174
8405
6610
6115
5909
3737
2124
3250
7885
1335
9956
6856
9899
5806
3914
9631
7366
1962
2946
5763
8702
1462
9758
3142
159
7558
9120
229
2839
4661
7107
9253
9368
905
4272
3070
2550
7091
5416
4908
7659
7460
4614
7680
1278
2873
5523
1907
2078
2106
9624
8172
6427
7021
8797
160
3343
7281
729
5294
200
7329
635
7242
8183
1060
9535
1356
2116
5268
7972
7720
9310
629
3058
8114
7847
7794
227
1317
7703
1854
3126
198
9382
7716
3646
470
6257
3597
1286
9868
3718
3726
99
6634
9327
4958
1389
7987
8714
1164
399
4089
3480
6312
9585
9513
3389
4237
8005
6977
8984
8719
9416
2160
4506
857
6738
5737
5092
833
3781
4492
6924
2274
6306
52
2086
1073
9883
3072
3091
702
6785
7014
5679
5636
5568
7872
5650
5900
6759
5595
2972
3819
8747
6224
2369
9679
4075
6799
9242
6694
203
1077
4300
9203
6395
7820
8179
1890
7977
2802
2296
6932
5793
8465
7615
2611
587
783
335
5148
871
9608
1080
67
7453
7252
8601
1796
8922
9319
6149
2059
958
4206
6102
4511
8952
524
7969
4355
1754
4646
1034
7304
2593
4434
431
7005
7833
1022
7481
1346
4972
8275
7575
64
5790
5040
3786
2640
2992
1123
5777
1453
4885
8571
843
5542
5599
2410
82
8793
1986
2438
1339
4681
856
3921
5741
6330
4823
2792
3016
1204
1876
1637
7958
3804
827
7894
7430
2064
2581
7634
6409
5422
4626
2766
5012
9246
9414
1387
7235
4944
4362
7889
2592
450
2049
4274
8706
3086
6271
1533
672
6984
5197
4555
3194
2549
3267
454
6805
9155
7923
2525
8153
4700
4303
5381
7205
1481
1980
1981
6486
6974
8789
53
8758
6636
3953
6162
7816
3706
9974
6234
3300
8273
5299
6504
4015
4894
7010
6045
144
7623
9786
6678
4818
7314
1447
8516
4840
4675
4167
3446
3371
6005
4742
9273
8222
3422
8987
751
7900
8281
2186
4756
5426
5621
5847
2021
8560
3454
9604
7054
5098
2785
2491
1441
8656
4980
974
5477
3207
2297
9853
1507
8409
8165
8077
7288
7114
8841
8185
3742
712
5939
9836
8230
4684
3490
7284
1713
3246
5627
6965
6177
3120
2832
941
7853
5019
9134
8535
3459
9923
3935
9929
3138
9219
1715
9271
6783
7914
7960
8962
8852
6407
1255
4808
1065
7502
1063
1368
162
6329
4446
9040
1306
8523
6711
512
5986
3019
1869
4838
6889
7429
8669
4597
8806
7691
1628
805
8911
537
3974
1891
243
928
9455
7362
1234
4805
6842
3227
564
6540
349
3258
6613
2130
1175
4589
3865
8990
3987
8049
68
2114
6426
583
3155
8357
8610
1789
2309
7074
3210
3271
1017
5078
2483
520
1633
8291
1670
3637
3994
6236
3552
2529
9916
5860
1971
5349
9467
7766
3565
724
1645
7586
3805
8899
2474
4245
9369
3046
7538
6530
2559
4922
222
8762
126
9534
1227
8250
5424
5144
4384
4452
8741
1215
3934
2375
9231
8515
6182
9485
7352
6564
3178
1240
1866
4988
4770
4331
6982
9171
3631
7186
2332
9996
2817
223
3828
4741
5097
1767
4041
8132
3986
9816
4010
4754
2976
5577
4533
5252
7211
6585
8676
6630
382
225
4518
4659
3232
3717
4276
6282
7339
2925
9629
9942
5946
6320
4376
4639
5371
6857
3589
2751
4487
1167
6472
2623
3176
9299
2276
7072
4151
472
2719
653
1092
1121
9489
9539
7808
7128
4542
2830
502
2771
5565
6181
5103
6616
5427
5680
5501
760
1216
5011
3533
1457
2040
408
1777
1446
6369
1517
7971
9507
5031
6258
6142
2950
2172
5596
1898
5404
7978
436
7427
1602
9100
1378
4358
6340
463
9795
9004
4469
1467
9181
7898
5974
3784
9163
5786
4825
816
3610
8344
9107
2723
6690
3141
3863
2284
9440
8348
3592
5278
2209
371
5154
9678
2614
8419
8627
5611
3463
3262
5131
7780
6255
6225
1188
1857
807
3577
1361
2221
8972
3768
2807
7090
2087
3734
6541
3613
5210
4335
8364
7851
2770
7465
9321
7534
1307
2269
1916
5034
7380
5069
5720
991
9421
5295
9314
1311
179
4173
1946
2184
9870
9045
548
2387
124
1053
8265
5579
826
3806
4261
4176
19
9142
9717
2528
5796
2281
6449
9990
3602
1938
7825
2147
1139
6077
4616
8689
2526
5482
2302
3618
6961
6879
3285
4631
8867
4407
8935
3925
4182
4997
7375
6280
3338
3590
4388
7730
3388
5410
5571
4107
9600
7188
9907
7844
3292
8993
3004
5412
8584
8770
60
915
1985
4887
8777
9114
4464
7871
320
3147
3108
7593
3500
7371
8041
231
6144
9221
8139
8631
2920
3895
9774
8214
123
2339
5293
3183
4489
7275
8259
8277
4125
517
3302
2121
7693
3751
4628
3605
6442
4491
5393
1254
5695
873
1165
2153
4835
6979
9028
3358
603
1593
5949
2107
5365
7748
2911
7516
8338
9401
2108
8331
3225
1582
8305
7030
5445
2913
2722
4585
8718
6074
5997
9806
8198
216
3432
8752
8942
642
2776
5285
9543
5736
3352
874
2515
3963
4853
6511
1131
7927
3200
7084
6987
9789
4071
9709
6072
1833
4119
1642
3075
469
3045
2335
5867
143
666
85
9734
3236
7442
4669
5919
2076
3839
6345
4992
5135
4476
7273
1735
341
8096
3442
6766
3557
8182
9165
8112
8006
9973
2261
1281
6286
9034
1884
9346
4098
5987
5881
2561
4902
9874
8326
2507
269
3397
4782
7316
20
791
1597
9700
270
4710
9622
9033
3253
8550
103
4949
4570
3814
5839
1043
3881
7508
5581
2298
9895
4931
1638
3807
8020
1122
9943
7501
1960
9682
2196
8374
9009
618
7590
5088
4347
9735
9037
5683
4213
6962
2348
3582
8505
3983
810
9514
7838
2188
960
7370
1580
3198
9566
4181
1232
5082
5953
7572
9172
1400
1130
1524
6051
3166
2310
7550
6394
8263
2891
2504
8069
9476
730
6514
1632
5235
6993
8034
3427
9936
9748
2272
2215
776
5142
6800
638
4458
8683
5354
8703
2746
9802
4359
5628
6399
582
5950
1000
8352
2780
2616
8276
380
9859
5758
5302
4693
9160
7591
2023
2317
1788
117
6837
5360
2926
5734
9350
514
8466
5177
5798
1850
9615
4247
7191
3873
9824
3396
3745
4258
2858
4186
384
4495
8416
2551
8916
7162
1849
7
6103
3355
6363
1731
1792
8141
1751
8914
8197
718
9905
9316
2038
9584
841
7147
7274
3912
3080
8391
9464
1392
9704
6731
7170
6509
5037
3545
3867
168
8048
7486
213
1289
1951
5173
3938
6714
8766
7094
1479
6094
8808
8455
6000
7692
6393
5402
9676
438
301
6438
8474
6782
3483
987
5121
2486
1097
5225
12
9280
4397
6556
2145
781
8011
7727
7955
7990
1519
3101
850
2521
6176
7239
9150
2471
2896
3566
5522
5435
6482
746
6256
4789
1668
1318
1647
4799
9371
184
5054
4328
3456
3054
6660
6996
995
8866
9563
2118
3990
2252
1327
6784
8767
4348
6855
6833
5470
2367
6170
6353
4695
920
898
5185
8253
8247
4768
6515
896
8659
9213
1263
5659
32
5574
9351
610
5409
2478
7873
8044
6603
8825
3655
5551
125
6300
4422
4474
9948
8988
7592
794
9030
2510
7098
164
2000
7053
7903
3268
8495
9673
2683
167
6627
3801
9852
9370
5597
8704
205
4935
4641
1522
6544
3740
444
2187
709
5032
7875
8520
3847
8009
8123
6059
210
3875
5318
2263
6429
883
2702
6878
648
1880
9023
4409
4014
811
1646
3627
7367
9283
6995
9381
8836
2353
9173
1644
8891
6134
2803
5559
4961
6956
6825
9630
2469
8822
3769
6949
7762
7062
2393
8710
2063
2477
1661
6372
7016
4651
7468
3743
2811
8133
2079
3326
3896
9983
1266
2534
4715
3871
8461
9518
5320
5304
7126
9069
1442
4099
1914
7657
9282
9201
319
1090
6521
347
3568
6721
996
4729
9139
8237
3189
8778
5077
923
789
5982
2978
8932
2257
6199
9675
7998
1423
1780
6826
8830
5183
6272
1151
727
3952
8524
4806
8322
2892
4504
3085
4353
6730
1374
8815
3720
3810
4563
8150
6525
8018
4624
3484
8615
2571
6561
611
3725
3295
9112
4132
503
1010
531
5115
689
9187
5699
9331
8960
4502
6695
5859
9844
5593
8236
165
9360
9893
731
7783
8921
251
1209
7108
2135
1828
3523
4450
3571
1009
7793
5935
7178
703
4788
8103
8340
1924
5467
2853
8690
890
1794
280
4904
3641
2548
4112
8832
9643
7333
4037
3527
889
926
352
8029
7983
6797
5931
457
8581
9192
285
112
3376
1537
5755
1671
7494
242
3184
1941
4745
2144
5544
4483
834
8162
3619
2099
3508
193
4233
943
4519
8202
7656
7142
9636
1561
5311
9814
5109
7221
6831
257
719
2701
2990
1997
5454
9354
9882
4738
7700
9482
5716
4294
8051
1132
9880
4820
6444
8981
2166
3835
2984
7905
303
6063
2854
7249
2530
7042
6251
875
5516
5342
8691
9218
2987
1054
6589
7452
5035
3393
8506
1558
5913
5958
3683
948
6724
3951
1978
9250
8342
9736
6366
8223
1745
813
439
5274
4451
9964
7151
2517
7517
6007
4954
415
2818
4727
4334
5330
9928
6133
5641
7801
5243
525
6455
1515
2848
1253
6523
5337
1305
7469
2095
9640
7906
6041
8212
9493
8968
6998
1276
5223
945
3908
8919
859
9939
6183
6847
9412
3782
4001
2333
5317
6311
7404
844
707
9689
5029
7807
4867
8335
5119
2237
1482
4438
2466
7613
2816
2829
5447
5869
7655
9328
6510
6881
7858
2470
2467
8684
8956
5216
6732
3993
6997
566
1224
7372
1583
9718
4500
1858
7831
8787
5606
346
3240
9043
3306
8175
6888
4148
9754
6012
2061
3324
6101
4627
5055
5064
2965
7814
849
3049
4785
6533
2434
3891
6844
818
7526
3612
3843
8846
1947
2043
6576
5244
6687
3913
3290
1506
8226
6903
8016
2356
5282
6148
9067
8148
5610
4191
8912
1128
4772
4866
968
8895
2512
7190
8756
5992
1523
6071
7658
6421
6360
3732
9954
1957
2739
5162
7196
7019
5904
433
5331
8190
1557
1325
9379
506
3228
473
9841
9875
9663
2762
1865
6214
5820
3711
333
358
7540
8131
8399
9106
6999
5642
9486
6065
1038
9872
8663
3450
1477
4986
8574
3522
7183
2065
2025
3330
3211
5998
5398
8079
8561
9591
5313
6663
9980
840
930
9498
4670
3710
3449
1023
6023
435
4929
3365
2198
8221
2813
8460
5639
4873
9497
8687
3026
6466
6814
4740
8503
6274
4525
1372
700
651
1812
9847
9279
5123
4162
6191
9104
8994
7412
9063
4068
5710
2125
7674
278
4739
9739
2074
6229
2578
9320
5778
3766
1729
4696
7416
3512
3521
1982
3923
5196
5018
9307
5617
6528
4625
3429
8188
4672
3893
1596
2778
4952
1624
8798
5507
6009
5021
2017
5529
4484
6434
6906
2336
5118
3749
9387
50
2413
1852
2536
5782
5937
2346
1057
300
1976
2222
7952
1052
1213
962
8720
831
5602
4933
2522
1250
5152
7338
8086
9500
7767
6495
421
6552
8774
9399
1699
7546
2938
6638
9427
1245
7511
5407
2411
2482
6462
2313
6550
8411
9969
3719
1272
6700
775
8467
8296
3850
5182
2012
8619
1958
8406
1070
6172
51
122
1427
6539
5325
8345
8187
3479
7532
9183
7295
7788
7810
5303
6035
9325
2862
9422
8873
4329
8143
8596
5537
782
9424
9068
2190
1079
9438
2004
8311
5655
8861
8360
7389
8838
7174
8491
3002
916
7614
9345
4243
8887
5390
6387
6839
6874
9434
2917
7026
1316
8169
6798
4444
9526
3560
9499
7763
3087
7039
9254
3089
2775
6615
1821
9551
3524
5525
8378
6791
2156
3363
5277
5545
245
1076
4965
1003
5095
1410
8157
6098
84
3206
6039
9597
2315
771
458
3657
9453
9359
6990
3793
9066
2606
2695
2233
6336
630
6458
3010
9520
2519
8555
8634
9804
7507
2373
7830
8254
1262
4571
9773
1983
2195
8151
7179
6289
6385
667
1811
8468
9388
7267
4051
2514
3941
955
8232
9547
3152
8282
9118
9705
2866
4564
963
8269
6918
8569
6747
2755
3114
9645
119
6408
3369
6611
3777
9606
1161
1619
6248
6642
4657
6631
8443
2872
579
2015
6464
7768
7855
9592
3377
163
9125
1190
7052
7995
1257
5771
8743
1173
3027
3218
8270
7462
2577
9767
4844
7805
9730
4584
5586
3689
6873
6609
2349
313
6890
1393
2824
2098
3946
3727
1943
4095
8657
9233
9168
9474
563
5100
2764
6010
1652
7782
2849
7013
9960
1437
3709
7742
4755
2928
72
5894
8707
255
7840
5911
5872
9508
5732
6820
6453
6871
6772
3090
8783
2290
5653
6147
4047
4497
368
7722
999
6617
1299
330
8800
2956
5357
8483
6624
9090
9309
4421
521
8578
396
8191
6202
6625
4100
244
9738
2822
1160
1716
5362
2740
4814
3541
1221
2177
4541
9653
5439
456
40
6764
3127
2861
9896
4493
4428
7007
6936
7943
949
577
1241
8620
740
8033
855
732
3319
1005
27
558
533
9756
7399
5247
1504
4166
2663
5886
9396
6792
7884
5463
4915
6040
9959
8645
7743
7661
4293
2634
5719
1781
1991
2485
3215
132
2888
927
9894
9625
2679
5332
2942
3495
8242
3927
5907
5224
680
9222
9598
4460
1298
4113
2724
9051
4921
5490
5630
4704
4060
208
9167
1460
385
2631
8244
8106
6584
1723
5654
1320
8306
7938
5532
2231
1859
2100
154
4998
6703
2834
4765
9901
3980
1208
3303
3419
5451
8325
3638
7185
9055
4077
2472
4217
2388
1490
4369
8414
9583
8845
2300
9355
7263
9867
3473
2158
5850
1297
1294
3165
3576
8482
4156
6838
2431
4468
2109
8349
5405
1650
3469
881
4180
3827
9378
5395
4363
2009
9022
3553
3536
4413
8251
4682
688
8638
6601
5265
7747
215
9987
3505
3288
5459
6004
9861
8301
6875
2680
1888
2473
238
4065
5703
5347
1345
4773
1
8102
6793
9113
594
36
4896
5036
4155
6776
9452
5933
2736
2323
9085
1394
496
9779
6532
3623
3809
9179
9380
741
3697
7564
6354
7438
5853
8429
9634
8652
3293
8567
5436
7621
317
2396
2629
7417
668
7856
7725
499
7431
8625
4802
683
5901
3666
8847
443
5661
6038
4611
4056
4396
7548
6815
7409
5044
9102
9621
2718
6030
9742
6654
9981
1357
1706
5286
5188
8481
4365
3547
6367
5376
4069
4558
4995
9031
2162
7123
9205
3514
3594
693
8856
519
416
5960
6016
3073
2552
3007
6273
9511
7498
4023
4018
8444
6807
5891
5797
7773
7924
114
2146
6338
2132
2204
549
8804
3703
7350
9580
3799
434
8402
178
4442
1182
108
6377
152
3486
4088
4085
4302
9385
2647
7626
5802
4572
9483
6535
9372
8823
9978
5526
9876
1343
4116
4339
1965
1973
4556
5355
2192
5231
1186
8893
8430
6166
990
4214
267
4903
7436
8299
7557
196
5727
195
6994
1021
5020
2870
3897
745
5271
3772
9418
1069
1157
4946
3756
497
3304
2951
5234
5385
8485
2115
7293
8765
9755
5519
9265
3664
3111
6313
3379
9443
2314
6893
522
33
8454
1894
482
2788
9406
6019
5789
2790
2031
4017
8080
3424
344
7220
4925
22
7117
2200
3452
175
8991
6921
5053
5141
6073
6612
2826
6378
7696
7455
8017
5411
6335
753
9065
316
5717
3167
6001
2684
675
1326
5684
9484
3607
6823
5811
7400
180
1659
8913
6868
1315
8111
7707
1963
539
4366
9049
8937
3862
5308
4991
9628
5769
5942
8629
2194
3143
7415
7137
5692
3092
7125
5254
3042
9846
9829
5233
6681
5450
7363
7970
7307
1868
7909
5592
2208
9533
9542
3696
7770
9148
3299
8427
3482
5981
7046
4437
6339
2667
1145
4924
9459
8210
4583
1615
4443
8796
498
7169
2905
4386
9574
5952
6364
5281
9595
6897
5927
9291
6105
4419
6240
4079
9044
2319
3121
8353
8181
6061
8671
338
9329
3712
1403
864
1987
8138
7888
4629
9190
7345
5689
3538
2979
9931
3084
9991
5025
5204
8680
1555
5386
302
8156
1431
120
426
1540
1271
2069
7887
3122
7105
1366
297
2403
7974
4403
3562
6840
8320
5326
8599
6570
6780
7956
2699
9364
8159
8039
3903
8900
486
9642
1127
2193
7011
121
6959
100
4349
1631
4480
1575
1217
2502
1902
4586
6503
4936
6309
9607
795
7328
8144
4147
8769
3402
3792
9292
9554
8963
9343
453
728
1688
2420
6674
7480
2557
5899
8449
2342
8168
8053
3632
4989
901
4171
5072
3417
8054
6195
7739
6068
8760
7966
2796
490
1019
9753
4875
8040
3132
8511
6092
5406
3346
5632
5520
6337
7757
1940
7737
2072
5830
1505
4685
669
2710
4486
2897
2964
2769
4341
9035
2139
314
9164
7229
5353
6356
9423
8603
7979
3223
7313
4262
509
8843
6159
9017
8241
5534
4416
2343
9362
4776
4617
5202
6197
6418
2575
7530
1841
8848
2943
5965
8478
5091
2480
4568
8097
9968
2696
1753
3392
189
5059
8501
1608
1178
5319
8428
3970
2827
9185
5598
7277
7456
6869
9124
3362
9019
7522
6943
2682
4281
2308
5266
3904
4917
5877
7033
8740
9032
3203
2416
3361
5914
3924
432
3762
5805
9913
9175
3474
1815
3888
360
1851
892
8897
5878
699
7932
247
9536
4890
5466
6661
1912
8209
4344
191
1855
1381
3216
4153
6512
7877
8459
7509
4035
2843
6728
1680
491
249
4455
8490
6156
1959
1656
4644
8166
7499
4830
1944
3780
4547
8532
3244
3595
2840
3425
4395
9757
8093
6596
6478
6017
7100
25
8662
2758
3722
5161
4854
5999
7341
5279
3812
8134
6760
3884
485
5125
3660
743
5637
2286
3005
8923
9690
7607
8813
3047
5258
5862
3826
2777
1270
6014
6905
8736
7017
1972
4620
467
5262
206
2837
2112
9777
5787
8146
9074
1917
2545
4606
1736
1878
5514
7584
6034
2029
26
7523
3684
3226
8119
5569
5558
4928
7774
5623
2808
6864
8926
983
9194
9727
170
3263
2446
809
4130
4185
6492
1448
5431
4812
8711
8475
1892
543
2378
9431
2691
9262
1074
2073
1683
7282
1252
1341
5312
5338
7259
3230
7365
726
5089
9494
1967
1549
7464
9156
9975
4846
8238
6957
9384
2304
3519
5739
7647
1703
2311
7596
8240
6872
3277
7077
2784
1538
2386
4746
5890
721
8598
7503
8370
4139
2370
3940
6212
528
8817
2141
998
1020
1342
7006
1662
8979
6060
3279
5498
9873
8308
9531
9024
9688
7219
4031
9664
2026
3349
6165
1547
2580
9871
2703
4371
8164
5553
5397
2889
9496
2973
8775
4473
9523
772
7959
2238
8248
3000
3644
1528
8773
1820
5453
7837
6699
1105
3636
7428
1150
4604
7603
7611
6174
1436
5139
8245
2303
1621
6209
7583
3067
3682
4467
1690
4748
5954
5212
5517
9105
5512
2644
1089
9198
1728
2622
2013
260
4482
6639
7312
6099
2969
3370
4795
7533
1601
9224
694
3322
9026
1825
1798
9010
6739
6899
8857
845
4761
376
654
6342
4513
5070
8531
8496
8954
3651
1138
9790
1732
7565
9039
7563
9129
5375
1012
4880
6450
8028
967
2014
5475
1867
5868
5418
5972
8510
7769
1636
3870
3676
1409
5368
5457
8779
5648
6294
3048
5969
9728
5816
4192
7181
7636
7846
7895
8135
2620
